time="2020-01-15T16:41:23Z" level=debug msg="OpenShift Installer v4.2.8"
time="2020-01-15T16:41:23Z" level=debug msg="Built from commit 425e4ff0037487e32571258640b39f56d5ee5572"
time="2020-01-15T16:41:23Z" level=fatal msg="bootstrap host address and at least one control plane host address must be provided"
time="2020-01-15T16:43:45Z" level=debug msg="OpenShift Installer v4.2.8"
time="2020-01-15T16:43:45Z" level=debug msg="Built from commit 425e4ff0037487e32571258640b39f56d5ee5572"
time="2020-01-15T16:43:45Z" level=info msg="Pulling debug logs from the bootstrap machine"
time="2020-01-15T16:43:46Z" level=fatal msg="failed to create SSH client, ensure the proper ssh key is in your keyring or specify with --key: ssh: handshake failed: ssh: unable to authenticate, attempted methods [none publickey], no supported methods remain"
time="2020-02-04T23:27:27Z" level=debug msg="OpenShift Installer v4.2.8"
time="2020-02-04T23:27:27Z" level=debug msg="Built from commit 425e4ff0037487e32571258640b39f56d5ee5572"
time="2020-02-04T23:27:27Z" level=fatal msg="bootstrap host address and at least one control plane host address must be provided"
time="2020-02-04T23:27:39Z" level=debug msg="OpenShift Installer v4.2.8"
time="2020-02-04T23:27:39Z" level=debug msg="Built from commit 425e4ff0037487e32571258640b39f56d5ee5572"
time="2020-02-04T23:27:39Z" level=fatal msg="bootstrap host address and at least one control plane host address must be provided"
time="2020-02-04T23:28:05Z" level=debug msg="OpenShift Installer v4.2.8"
time="2020-02-04T23:28:05Z" level=debug msg="Built from commit 425e4ff0037487e32571258640b39f56d5ee5572"
time="2020-02-04T23:28:05Z" level=fatal msg="bootstrap host address and at least one control plane host address must be provided"
time="2020-02-04T23:28:38Z" level=debug msg="OpenShift Installer v4.2.8"
time="2020-02-04T23:28:38Z" level=debug msg="Built from commit 425e4ff0037487e32571258640b39f56d5ee5572"
time="2020-02-04T23:28:38Z" level=info msg="Pulling debug logs from the bootstrap machine"
time="2020-02-04T23:28:39Z" level=fatal msg="failed to create SSH client, ensure the proper ssh key is in your keyring or specify with --key: ssh: handshake failed: ssh: unable to authenticate, attempted methods [none publickey], no supported methods remain"
time="2020-02-04T23:28:48Z" level=debug msg="OpenShift Installer v4.2.8"
time="2020-02-04T23:28:48Z" level=debug msg="Built from commit 425e4ff0037487e32571258640b39f56d5ee5572"
time="2020-02-04T23:28:48Z" level=info msg="Pulling debug logs from the bootstrap machine"
time="2020-02-04T23:28:49Z" level=debug msg="Gathering bootstrap journals ..."
time="2020-02-04T23:28:49Z" level=debug msg="Gathering bootstrap containers ..."
time="2020-02-04T23:28:52Z" level=debug msg="Gathering rendered assets..."
time="2020-02-04T23:28:52Z" level=debug msg="Gathering cluster resources ..."
time="2020-02-04T23:28:53Z" level=debug msg="Waiting for logs ..."
time="2020-02-04T23:28:57Z" level=debug msg="Gather remote logs"
time="2020-02-04T23:28:57Z" level=debug msg="Collecting info from 10.15.74.60"
time="2020-02-04T23:28:57Z" level=debug msg="Warning: Permanently added '10.15.74.60' (ECDSA) to the list of known hosts.\r"
time="2020-02-04T23:28:57Z" level=debug msg="Gathering master journals ..."
time="2020-02-04T23:28:58Z" level=debug msg="Gathering master containers ..."
time="2020-02-04T23:29:00Z" level=debug msg="Waiting for logs ..."
time="2020-02-04T23:29:02Z" level=debug msg="Log bundle written to ~/log-bundle.tar.gz"
time="2020-02-04T23:29:02Z" level=info msg="Bootstrap gather logs captured here \"log-bundle-20200204232902.tar.gz\""
