
PLAY [Prepare Openshift 4 HTTP node] *******************************************

TASK [Install HTTP server] *****************************************************
[0;32mok: [bastion][0m

TASK [Check HTTP server config] ************************************************
[0;32mok: [bastion][0m

TASK [Open Firewall port 80 for http access] ***********************************
[0;32mok: [bastion][0m

TASK [Restart the Firewall service] ********************************************

TASK [Start and enable HTTP services] ******************************************
[0;32mok: [bastion][0m

PLAY [Prepare Openshift 4 on vSphere] ******************************************

TASK [Gathering Facts] *********************************************************
[0;32mok: [localhost][0m

TASK [Remove install dir if old install exists] ********************************
[0;33mchanged: [localhost][0m

TASK [Create install dir] ******************************************************
[0;33mchanged: [localhost][0m

TASK [Create download dir] *****************************************************
[0;33mchanged: [localhost][0m

TASK [Generate SSH keys] *******************************************************
[0;33mchanged: [localhost][0m

TASK [Get host OS type] ********************************************************
[0;32mok: [localhost][0m

TASK [Download Openshift installer] ********************************************

TASK [sync Download folder] ****************************************************
[0;32mok: [localhost][0m

TASK [Download Openshift oc cli] ***********************************************

TASK [Unpack Openshift Installer] **********************************************
[0;33mchanged: [localhost][0m

TASK [Unpack Openshift cli] ****************************************************
[0;33mchanged: [localhost][0m

TASK [Check latest govmomi release] ********************************************

TASK [Download latest govmomi release] *****************************************

TASK [Unpack govmomi] **********************************************************
[0;33mchanged: [localhost][0m

TASK [Get generated SSH Key] ***************************************************
[0;32mok: [localhost][0m

TASK [Decode SSH key] **********************************************************
[0;32mok: [localhost][0m

TASK [Read pull secret from "pullsecret.txt"] **********************************
[0;32mok: [localhost][0m

TASK [Create install config from template] *************************************
[0;33mchanged: [localhost][0m

TASK [Generate manifests] ******************************************************
[0;33mchanged: [localhost][0m

TASK [Set mastersSchedulable parameter to False] *******************************
[0;33mchanged: [localhost][0m

TASK [Create NetworkPolicy Config] *********************************************
[0;33mchanged: [localhost][0m

TASK [Generate ignition files] *************************************************
[0;33mchanged: [localhost][0m

TASK [Create bootstrap-append file] ********************************************
[0;33mchanged: [localhost][0m

TASK [Generate base64 from ignition files] *************************************
[0;33mchanged: [localhost] => (item=append-bootstrap)[0m
[0;33mchanged: [localhost] => (item=master)[0m
[0;33mchanged: [localhost] => (item=worker)[0m

TASK [read base64 into variables] **********************************************
[0;32mok: [localhost][0m

PLAY [Prepare Openshift 4 on vSphere] ******************************************

TASK [Make the bootstrap file available for install] ***************************
[0;33mchanged: [bastion][0m

PLAY [Instrument Vsphere] ******************************************************

TASK [Gathering Facts] *********************************************************
[0;32mok: [localhost][0m

TASK [Download Openshift OVA] **************************************************

TASK [Setup NTP for vmware server so certificates work] ************************
[1;35m[WARNING]: Found internal 'results' key in module return, renamed to[0m
[1;35m'ansible_module_results'.[0m
[1;35m[0m
[0;32mok: [localhost -> localhost][0m

TASK [Remove potential old OVF] ************************************************
[0;33mchanged: [localhost -> localhost] => (item=ocp4-bootstrap)[0m
[0;33mchanged: [localhost -> localhost] => (item=ocp4-master0)[0m
[0;33mchanged: [localhost -> localhost] => (item=ocp4-master1)[0m
[0;33mchanged: [localhost -> localhost] => (item=ocp4-master2)[0m
[0;33mchanged: [localhost -> localhost] => (item=ocp4-compute0)[0m
[0;33mchanged: [localhost -> localhost] => (item=ocp4-compute1)[0m

TASK [Remove potential old OVF] ************************************************
[0;33mchanged: [localhost -> localhost][0m

TASK [Create a folder on VCenter for Openshift] ********************************
[0;32mok: [localhost -> localhost][0m

TASK [Deploy VMware template from Downloaded OVA] ******************************
[0;33mchanged: [localhost -> localhost][0m

TASK [Create a virtual machine for Bootstrap-node] *****************************
[0;33mchanged: [localhost -> localhost][0m

TASK [Create a virtual machine for Master-nodes] *******************************
[0;33mchanged: [localhost -> localhost] => (item=0)[0m
[0;33mchanged: [localhost -> localhost] => (item=1)[0m
[0;33mchanged: [localhost -> localhost] => (item=2)[0m

TASK [Create a virtual machine for Infra nodes] ********************************
[0;33mchanged: [localhost -> localhost] => (item=0)[0m
[0;33mchanged: [localhost -> localhost] => (item=1)[0m

TASK [Set VM latency sensitivity parameter to High] ****************************
[0;33mchanged: [localhost -> localhost] => (item=ocp4-bootstrap)[0m
[0;33mchanged: [localhost -> localhost] => (item=ocp4-master0)[0m
[0;33mchanged: [localhost -> localhost] => (item=ocp4-master1)[0m
[0;33mchanged: [localhost -> localhost] => (item=ocp4-master2)[0m
[0;33mchanged: [localhost -> localhost] => (item=ocp4-compute0)[0m
[0;33mchanged: [localhost -> localhost] => (item=ocp4-compute1)[0m

PLAY [Prepare Openshift 4 DHCP server] *****************************************

TASK [Install DHCP server] *****************************************************
[0;32mok: [dhcpserver][0m

TASK [Get MAC Addresses from VMs] **********************************************
[0;32mok: [dhcpserver -> localhost][0m

TASK [set macs from vm pull] ***************************************************
[0;32mok: [dhcpserver][0m

TASK [get macs] ****************************************************************
[0;32mok: [dhcpserver] => {[0m
[0;32m    "msg": "OCP4 info is: 00:50:56:8b:62:91"[0m
[0;32m}[0m

TASK [Generate DHCP server config] *********************************************
[0;33mchanged: [dhcpserver][0m

TASK [Open Firewall for dhcp access] *******************************************
[0;32mok: [dhcpserver][0m

TASK [Restart DHCP Server after config] ****************************************
[0;33mchanged: [dhcpserver][0m

PLAY [Start VMs and Deploy OCP] ************************************************

TASK [Gathering Facts] *********************************************************
[0;32mok: [localhost][0m

TASK [Set the state of a Virtual Machines to poweron] **************************
[0;33mchanged: [localhost -> localhost] => (item=ocp4-bootstrap)[0m
[0;33mchanged: [localhost -> localhost] => (item=ocp4-master0)[0m
[0;33mchanged: [localhost -> localhost] => (item=ocp4-master1)[0m
[0;33mchanged: [localhost -> localhost] => (item=ocp4-master2)[0m
[0;33mchanged: [localhost -> localhost] => (item=ocp4-compute0)[0m
[0;33mchanged: [localhost -> localhost] => (item=ocp4-compute1)[0m

TASK [Wait 5min for VMs to start] **********************************************
[0;32mok: [localhost][0m

TASK [Complete cluster bootstrap] **********************************************
[0;33mchanged: [localhost][0m

TASK [Remove the Bootstrap-node] ***********************************************
[0;31mfatal: [localhost]: FAILED! => {"msg": "The task includes an option with an undefined variable. The error was: 'vm_info' is undefined\n\nThe error appears to be in '/work/deploy_ocp4.yml': line 491, column 5, but may\nbe elsewhere in the file depending on the exact syntax problem.\n\nThe offending line appears to be:\n\n\n  - name: Remove the Bootstrap-node\n    ^ here\n"}[0m

PLAY RECAP *********************************************************************
[0;33mbastion[0m                    : [0;32mok=5   [0m [0;33mchanged=1   [0m unreachable=0    failed=0    [0;36mskipped=1   [0m rescued=0    ignored=0   
[0;33mdhcpserver[0m                 : [0;32mok=7   [0m [0;33mchanged=2   [0m unreachable=0    failed=0    skipped=0    rescued=0    ignored=0   
[0;31mlocalhost[0m                  : [0;32mok=35  [0m [0;33mchanged=23  [0m unreachable=0    [0;31mfailed=1   [0m [0;36mskipped=5   [0m rescued=0    ignored=0   

